Adv_App_Dev/app/build/outputs/logs/manifest-merger-debug-report.txt
-- Merging decision tree log ---
manifest
ADDED from src\main\AndroidManifest.xml:17:1-93:12
	package
		ADDED from src\main\AndroidManifest.xml:18:5-47
		INJECTED from src\main\AndroidManifest.xml
		INJECTED from src\main\AndroidManifest.xml
	android:versionName
		INJECTED from src\main\AndroidManifest.xml
		INJECTED from src\main\AndroidManifest.xml
	xmlns:android
		ADDED from src\main\AndroidManifest.xml:17:11-69
	android:versionCode
		INJECTED from src\main\AndroidManifest.xml
		INJECTED from src\main\AndroidManifest.xml
uses-permission#android.permission.INTERNET
ADDED from src\main\AndroidManifest.xml:21:5-67
	android:name
		ADDED from src\main\AndroidManifest.xml:21:22-64
uses-permission#android.permission.READ_SYNC_SETTINGS
ADDED from src\main\AndroidManifest.xml:24:5-25:63
	android:name
		ADDED from src\main\AndroidManifest.xml:25:9-61
uses-permission#android.permission.WRITE_SYNC_SETTINGS
ADDED from src\main\AndroidManifest.xml:26:5-27:64
	android:name
		ADDED from src\main\AndroidManifest.xml:27:9-62
uses-permission#android.permission.AUTHENTICATE_ACCOUNTS
ADDED from src\main\AndroidManifest.xml:28:5-29:66
	android:name
		ADDED from src\main\AndroidManifest.xml:29:9-64
application
ADDED from src\main\AndroidManifest.xml:31:5-91:19
MERGED from [com.android.support:appcompat-v7:21.0.2] AndroidManifest.xml:16:5-19
MERGED from [com.android.support:support-v4:21.0.2] AndroidManifest.xml:16:5-19
	android:label
		ADDED from src\main\AndroidManifest.xml:34:9-41
	android:allowBackup
		ADDED from src\main\AndroidManifest.xml:32:9-35
	android:icon
		ADDED from src\main\AndroidManifest.xml:33:9-43
	android:theme
		ADDED from src\main\AndroidManifest.xml:35:9-40
activity#com.example.android.sunshine.app.MainActivity
ADDED from src\main\AndroidManifest.xml:36:9-45:20
	android:label
		ADDED from src\main\AndroidManifest.xml:39:13-45
	android:theme
		ADDED from src\main\AndroidManifest.xml:38:13-49
	android:name
		ADDED from src\main\AndroidManifest.xml:37:13-41
intent-filter#android.intent.action.MAIN+android.intent.category.LAUNCHER
ADDED from src\main\AndroidManifest.xml:40:13-44:29
action#android.intent.action.MAIN
ADDED from src\main\AndroidManifest.xml:41:17-69
	android:name
		ADDED from src\main\AndroidManifest.xml:41:25-66
category#android.intent.category.LAUNCHER
ADDED from src\main\AndroidManifest.xml:43:17-77
	android:name
		ADDED from src\main\AndroidManifest.xml:43:27-74
activity#com.example.android.sunshine.app.DetailActivity
ADDED from src\main\AndroidManifest.xml:46:9-53:20
	android:label
		ADDED from src\main\AndroidManifest.xml:48:13-58
	android:parentActivityName
		ADDED from src\main\AndroidManifest.xml:49:13-55
	android:name
		ADDED from src\main\AndroidManifest.xml:47:13-43
meta-data#android.support.PARENT_ACTIVITY
ADDED from src\main\AndroidManifest.xml:50:13-52:81
	android:value
		ADDED from src\main\AndroidManifest.xml:52:17-78
	android:name
		ADDED from src\main\AndroidManifest.xml:51:17-63
activity#com.example.android.sunshine.app.SettingsActivity
ADDED from src\main\AndroidManifest.xml:54:9-62:20
	android:label
		ADDED from src\main\AndroidManifest.xml:56:13-60
	android:parentActivityName
		ADDED from src\main\AndroidManifest.xml:57:13-55
	android:theme
		ADDED from src\main\AndroidManifest.xml:58:13-49
	android:name
		ADDED from src\main\AndroidManifest.xml:55:13-45
provider#com.example.android.sunshine.app.data.WeatherProvider
ADDED from src\main\AndroidManifest.xml:63:9-67:39
	android:authorities
		ADDED from src\main\AndroidManifest.xml:64:13-60
	android:syncable
		ADDED from src\main\AndroidManifest.xml:67:13-36
	android:exported
		ADDED from src\main\AndroidManifest.xml:66:13-37
	android:name
		ADDED from src\main\AndroidManifest.xml:65:13-49
service#com.example.android.sunshine.app.sync.SunshineAuthenticatorService
ADDED from src\main\AndroidManifest.xml:70:9-77:19
	android:name
		ADDED from src\main\AndroidManifest.xml:70:18-67
intent-filter#android.accounts.AccountAuthenticator
ADDED from src\main\AndroidManifest.xml:71:13-73:29
action#android.accounts.AccountAuthenticator
ADDED from src\main\AndroidManifest.xml:72:17-80
	android:name
		ADDED from src\main\AndroidManifest.xml:72:25-77
meta-data#android.accounts.AccountAuthenticator
ADDED from src\main\AndroidManifest.xml:74:13-76:57
	android:resource
		ADDED from src\main\AndroidManifest.xml:76:17-54
	android:name
		ADDED from src\main\AndroidManifest.xml:75:17-69
service#com.example.android.sunshine.app.sync.SunshineSyncService
ADDED from src\main\AndroidManifest.xml:80:9-90:19
	android:exported
		ADDED from src\main\AndroidManifest.xml:82:13-36
	android:name
		ADDED from src\main\AndroidManifest.xml:81:13-53
intent-filter#android.content.SyncAdapter
ADDED from src\main\AndroidManifest.xml:84:13-86:29
action#android.content.SyncAdapter
ADDED from src\main\AndroidManifest.xml:85:17-70
	android:name
		ADDED from src\main\AndroidManifest.xml:85:25-67
meta-data#android.content.SyncAdapter
ADDED from src\main\AndroidManifest.xml:87:13-89:55
	android:resource
		ADDED from src\main\AndroidManifest.xml:89:17-52
	android:name
		ADDED from src\main\AndroidManifest.xml:88:17-59
uses-sdk
INJECTED from src\main\AndroidManifest.xml reason: use-sdk injection requested
MERGED from [com.android.support:appcompat-v7:21.0.2] AndroidManifest.xml:15:5-42
MERGED from [com.android.support:support-v4:21.0.2] AndroidManifest.xml:15:5-42
	android:targetSdkVersion
		INJECTED from src\main\AndroidManifest.xml
		INJECTED from src\main\AndroidManifest.xml
	android:minSdkVersion
		INJECTED from src\main\AndroidManifest.xml
		INJECTED from src\main\AndroidManifest.xml